{
  "testId" : "1-test-on-",
  "name" : "Test on ",
  "report" : {
    "nodes" : [ {
      "name" : "WrappedException: Wrapped org.openqa.selenium.JavascriptException: javascript error: LoginPage is not defined\n  (Session info: chrome=81.0.4044.138)\nBuild info: version: 'unknown', revision: 'unknown', time: 'unknown'\nSystem info: host: 'LIN20001635', ip: '10.246.176.241', os.name: 'Windows 10', os.arch: 'amd64', os.version: '10.0', java.version: '1.8.0_211'\nDriver info: org.openqa.selenium.chrome.ChromeDriver\nCapabilities {acceptInsecureCerts: false, browserName: chrome, browserVersion: 81.0.4044.138, chrome: {chromedriverVersion: 81.0.4044.69 (6813546031a4b..., userDataDir: C:\\Users\\syadav26\\AppData\\L...}, goog:chromeOptions: {debuggerAddress: localhost:61692}, javascriptEnabled: true, networkConnectionEnabled: false, pageLoadStrategy: normal, platform: WINDOWS, platformName: WINDOWS, proxy: Proxy(), setWindowRect: true, strictFileInteractability: false, timeouts: {implicit: 0, pageLoad: 300000, script: 30000}, unhandledPromptBehavior: dismiss and notify, webauthn:virtualAuthenticators: true}\nSession ID: 66da94c91a7fb992575ce28f0ad3aebc (<cmd>#234)",
      "status" : "error",
      "time" : 1591257970544,
      "stacktrace" : "org.mozilla.javascript.WrappedException: Wrapped org.openqa.selenium.JavascriptException: javascript error: LoginPage is not defined\n  (Session info: chrome=81.0.4044.138)\nBuild info: version: 'unknown', revision: 'unknown', time: 'unknown'\nSystem info: host: 'LIN20001635', ip: '10.246.176.241', os.name: 'Windows 10', os.arch: 'amd64', os.version: '10.0', java.version: '1.8.0_211'\nDriver info: org.openqa.selenium.chrome.ChromeDriver\nCapabilities {acceptInsecureCerts: false, browserName: chrome, browserVersion: 81.0.4044.138, chrome: {chromedriverVersion: 81.0.4044.69 (6813546031a4b..., userDataDir: C:\\Users\\syadav26\\AppData\\L...}, goog:chromeOptions: {debuggerAddress: localhost:61692}, javascriptEnabled: true, networkConnectionEnabled: false, pageLoadStrategy: normal, platform: WINDOWS, platformName: WINDOWS, proxy: Proxy(), setWindowRect: true, strictFileInteractability: false, timeouts: {implicit: 0, pageLoad: 300000, script: 30000}, unhandledPromptBehavior: dismiss and notify, webauthn:virtualAuthenticators: true}\nSession ID: 66da94c91a7fb992575ce28f0ad3aebc (<cmd>#234)\r\n\tat org.mozilla.javascript.Context.throwAsScriptRuntimeEx(Context.java:1914)\r\n\tat org.mozilla.javascript.MemberBox.invoke(MemberBox.java:148)\r\n\tat org.mozilla.javascript.NativeJavaMethod.call(NativeJavaMethod.java:225)\r\n\tat org.mozilla.javascript.optimizer.OptRuntime.call2(OptRuntime.java:42)\r\n\tat org.mozilla.javascript.gen._cmd__19._c_inject_14(<cmd>:234)\r\n\tat org.mozilla.javascript.gen._cmd__19.call(<cmd>)\r\n\tat org.mozilla.javascript.optimizer.OptRuntime.callName(OptRuntime.java:63)\r\n\tat org.mozilla.javascript.gen.C__Users_syadav26_Desktop_Projects_Galen_PoC_Sample_js_21._c_anonymous_4(C:\\Users\\syadav26\\Desktop\\Projects\\Galen_PoC\\Sample.js:26)\r\n\tat org.mozilla.javascript.gen.C__Users_syadav26_Desktop_Projects_Galen_PoC_Sample_js_21.call(C:\\Users\\syadav26\\Desktop\\Projects\\Galen_PoC\\Sample.js)\r\n\tat org.mozilla.javascript.ScriptRuntime.applyOrCall(ScriptRuntime.java:2697)\r\n\tat org.mozilla.javascript.BaseFunction.execIdCall(BaseFunction.java:287)\r\n\tat org.mozilla.javascript.IdFunctionObject.call(IdFunctionObject.java:101)\r\n\tat org.mozilla.javascript.optimizer.OptRuntime.callN(OptRuntime.java:52)\r\n\tat org.mozilla.javascript.gen._cmd__18._c_invokeFunc_2(<cmd>:37)\r\n\tat org.mozilla.javascript.gen._cmd__18.call(<cmd>)\r\n\tat org.mozilla.javascript.optimizer.OptRuntime.callName(OptRuntime.java:63)\r\n\tat org.mozilla.javascript.gen._cmd__18._c_anonymous_22(<cmd>:280)\r\n\tat org.mozilla.javascript.gen._cmd__18.call(<cmd>)\r\n\tat org.mozilla.javascript.ContextFactory.doTopCall(ContextFactory.java:399)\r\n\tat org.mozilla.javascript.ScriptRuntime.doTopCall(ScriptRuntime.java:3452)\r\n\tat org.mozilla.javascript.gen._cmd__18.call(<cmd>)\r\n\tat org.mozilla.javascript.JavaAdapter.doCall(JavaAdapter.java:606)\r\n\tat org.mozilla.javascript.JavaAdapter.access$000(JavaAdapter.java:15)\r\n\tat org.mozilla.javascript.JavaAdapter$1.run(JavaAdapter.java:586)\r\n\tat org.mozilla.javascript.Context.call(Context.java:526)\r\n\tat org.mozilla.javascript.ContextFactory.call(ContextFactory.java:509)\r\n\tat org.mozilla.javascript.JavaAdapter.callMethod(JavaAdapter.java:583)\r\n\tat adapter1.execute(<adapter>)\r\n\tat com.galenframework.TestRunnable.runTest(TestRunnable.java:75)\r\n\tat com.galenframework.TestRunnable.run(TestRunnable.java:101)\r\n\tat java.util.concurrent.ThreadPoolExecutor.runWorker(Unknown Source)\r\n\tat java.util.concurrent.ThreadPoolExecutor$Worker.run(Unknown Source)\r\n\tat java.lang.Thread.run(Unknown Source)\r\nCaused by: org.openqa.selenium.JavascriptException: javascript error: LoginPage is not defined\n  (Session info: chrome=81.0.4044.138)\nBuild info: version: 'unknown', revision: 'unknown', time: 'unknown'\nSystem info: host: 'LIN20001635', ip: '10.246.176.241', os.name: 'Windows 10', os.arch: 'amd64', os.version: '10.0', java.version: '1.8.0_211'\nDriver info: org.openqa.selenium.chrome.ChromeDriver\nCapabilities {acceptInsecureCerts: false, browserName: chrome, browserVersion: 81.0.4044.138, chrome: {chromedriverVersion: 81.0.4044.69 (6813546031a4b..., userDataDir: C:\\Users\\syadav26\\AppData\\L...}, goog:chromeOptions: {debuggerAddress: localhost:61692}, javascriptEnabled: true, networkConnectionEnabled: false, pageLoadStrategy: normal, platform: WINDOWS, platformName: WINDOWS, proxy: Proxy(), setWindowRect: true, strictFileInteractability: false, timeouts: {implicit: 0, pageLoad: 300000, script: 30000}, unhandledPromptBehavior: dismiss and notify, webauthn:virtualAuthenticators: true}\nSession ID: 66da94c91a7fb992575ce28f0ad3aebc\r\n\tat sun.reflect.NativeConstructorAccessorImpl.newInstance0(Native Method)\r\n\tat sun.reflect.NativeConstructorAccessorImpl.newInstance(Unknown Source)\r\n\tat sun.reflect.DelegatingConstructorAccessorImpl.newInstance(Unknown Source)\r\n\tat java.lang.reflect.Constructor.newInstance(Unknown Source)\r\n\tat org.openqa.selenium.remote.http.W3CHttpResponseCodec.createException(W3CHttpResponseCodec.java:187)\r\n\tat org.openqa.selenium.remote.http.W3CHttpResponseCodec.decode(W3CHttpResponseCodec.java:122)\r\n\tat org.openqa.selenium.remote.http.W3CHttpResponseCodec.decode(W3CHttpResponseCodec.java:49)\r\n\tat org.openqa.selenium.remote.HttpCommandExecutor.execute(HttpCommandExecutor.java:158)\r\n\tat org.openqa.selenium.remote.service.DriverCommandExecutor.execute(DriverCommandExecutor.java:83)\r\n\tat org.openqa.selenium.remote.RemoteWebDriver.execute(RemoteWebDriver.java:548)\r\n\tat org.openqa.selenium.remote.RemoteWebDriver.executeScript(RemoteWebDriver.java:485)\r\n\tat com.galenframework.utils.GalenUtils.injectJavascript(GalenUtils.java:347)\r\n\tat sun.reflect.NativeMethodAccessorImpl.invoke0(Native Method)\r\n\tat sun.reflect.NativeMethodAccessorImpl.invoke(Unknown Source)\r\n\tat sun.reflect.DelegatingMethodAccessorImpl.invoke(Unknown Source)\r\n\tat java.lang.reflect.Method.invoke(Unknown Source)\r\n\tat org.mozilla.javascript.MemberBox.invoke(MemberBox.java:126)\r\n\t... 31 more\r\n",
      "type" : "node"
    } ]
  }
}